0 info it worked if it ends with ok
1 verbose cli [ '/usr/bin/node', '/usr/bin/npm', 'install', '-g', 'sass' ]
2 info using npm@3.5.2
3 info using node@v8.10.0
4 silly loadCurrentTree Starting
5 silly install loadCurrentTree
6 silly install readGlobalPackageData
7 silly fetchPackageMetaData sass
8 silly fetchNamedPackageData sass
9 silly mapToRegistry name sass
10 silly mapToRegistry using default registry
11 silly mapToRegistry registry https://registry.npmjs.org/
12 silly mapToRegistry uri https://registry.npmjs.org/sass
13 verbose request uri https://registry.npmjs.org/sass
14 verbose request no auth needed
15 info attempt registry request try #1 at 10:39:01 PM
16 verbose request id df3d84d26e5f2072
17 verbose etag W/"7a96a71d9290bd06a2871880b248b6d8"
18 verbose lastModified Fri, 04 Dec 2020 23:26:09 GMT
19 http request GET https://registry.npmjs.org/sass
20 http 304 https://registry.npmjs.org/sass
21 verbose headers { date: 'Sun, 13 Dec 2020 21:39:01 GMT',
21 verbose headers   connection: 'keep-alive',
21 verbose headers   'set-cookie':
21 verbose headers    [ '__cfduid=db817602388f0b7c81eb7b5f2633236211607895541; expires=Tue, 12-Jan-21 21:39:01 GMT; path=/; domain=.npmjs.org; HttpOnly; SameSite=Lax' ],
21 verbose headers   'cf-ray': '6012d5ddfb84ffb8-WAW',
21 verbose headers   age: '3465',
21 verbose headers   'cache-control': 'public, max-age=300',
21 verbose headers   etag: '"7a96a71d9290bd06a2871880b248b6d8"',
21 verbose headers   'last-modified': 'Fri, 04 Dec 2020 23:26:09 GMT',
21 verbose headers   vary: 'Accept-Encoding',
21 verbose headers   'cf-cache-status': 'HIT',
21 verbose headers   'cf-request-id': '06ffa3febe0000ffb8dfac1000000001',
21 verbose headers   'expect-ct': 'max-age=604800, report-uri="https://report-uri.cloudflare.com/cdn-cgi/beacon/expect-ct"',
21 verbose headers   server: 'cloudflare' }
22 silly get cb [ 304,
22 silly get   { date: 'Sun, 13 Dec 2020 21:39:01 GMT',
22 silly get     connection: 'keep-alive',
22 silly get     'set-cookie':
22 silly get      [ '__cfduid=db817602388f0b7c81eb7b5f2633236211607895541; expires=Tue, 12-Jan-21 21:39:01 GMT; path=/; domain=.npmjs.org; HttpOnly; SameSite=Lax' ],
22 silly get     'cf-ray': '6012d5ddfb84ffb8-WAW',
22 silly get     age: '3465',
22 silly get     'cache-control': 'public, max-age=300',
22 silly get     etag: '"7a96a71d9290bd06a2871880b248b6d8"',
22 silly get     'last-modified': 'Fri, 04 Dec 2020 23:26:09 GMT',
22 silly get     vary: 'Accept-Encoding',
22 silly get     'cf-cache-status': 'HIT',
22 silly get     'cf-request-id': '06ffa3febe0000ffb8dfac1000000001',
22 silly get     'expect-ct': 'max-age=604800, report-uri="https://report-uri.cloudflare.com/cdn-cgi/beacon/expect-ct"',
22 silly get     server: 'cloudflare' } ]
23 verbose etag https://registry.npmjs.org/sass from cache
24 verbose get saving sass to /home/mateusz/.npm/registry.npmjs.org/sass/.cache.json
25 silly install normalizeTree
26 silly loadCurrentTree Finishing
27 silly loadIdealTree Starting
28 silly install loadIdealTree
29 silly cloneCurrentTree Starting
30 silly install cloneCurrentTreeToIdealTree
31 silly cloneCurrentTree Finishing
32 silly loadShrinkwrap Starting
33 silly install loadShrinkwrap
34 silly loadShrinkwrap Finishing
35 silly loadAllDepsIntoIdealTree Starting
36 silly install loadAllDepsIntoIdealTree
37 silly resolveWithNewModule sass@1.30.0 checking installable status
38 silly cache add args [ 'sass', null ]
39 verbose cache add spec sass
40 silly cache add parsed spec Result {
40 silly cache add   raw: 'sass',
40 silly cache add   scope: null,
40 silly cache add   name: 'sass',
40 silly cache add   rawSpec: '',
40 silly cache add   spec: 'latest',
40 silly cache add   type: 'tag' }
41 silly addNamed sass@latest
42 verbose addNamed "latest" is being treated as a dist-tag for sass
43 info addNameTag [ 'sass', 'latest' ]
44 silly mapToRegistry name sass
45 silly mapToRegistry using default registry
46 silly mapToRegistry registry https://registry.npmjs.org/
47 silly mapToRegistry uri https://registry.npmjs.org/sass
48 verbose addNameTag registry:https://registry.npmjs.org/sass not in flight; fetching
49 verbose get https://registry.npmjs.org/sass not expired, no request
50 silly addNameTag next cb for sass with tag latest
51 silly addNamed sass@1.30.0
52 verbose addNamed "1.30.0" is a plain semver version for sass
53 silly cache afterAdd sass@1.30.0
54 verbose afterAdd /home/mateusz/.npm/sass/1.30.0/package/package.json not in flight; writing
55 verbose afterAdd /home/mateusz/.npm/sass/1.30.0/package/package.json written
56 silly fetchNamedPackageData chokidar
57 silly mapToRegistry name chokidar
58 silly mapToRegistry using default registry
59 silly mapToRegistry registry https://registry.npmjs.org/
60 silly mapToRegistry uri https://registry.npmjs.org/chokidar
61 verbose request uri https://registry.npmjs.org/chokidar
62 verbose request no auth needed
63 info attempt registry request try #1 at 10:39:01 PM
64 verbose etag W/"add7c0266a70c5baff946603cc281255"
65 verbose lastModified Mon, 26 Oct 2020 21:55:25 GMT
66 http request GET https://registry.npmjs.org/chokidar
67 http 304 https://registry.npmjs.org/chokidar
68 verbose headers { date: 'Sun, 13 Dec 2020 21:39:01 GMT',
68 verbose headers   connection: 'keep-alive',
68 verbose headers   'set-cookie':
68 verbose headers    [ '__cfduid=db817602388f0b7c81eb7b5f2633236211607895541; expires=Tue, 12-Jan-21 21:39:01 GMT; path=/; domain=.npmjs.org; HttpOnly; SameSite=Lax' ],
68 verbose headers   'cf-ray': '6012d5e018c8ffb8-WAW',
68 verbose headers   age: '343',
68 verbose headers   'cache-control': 'public, max-age=300',
68 verbose headers   etag: '"add7c0266a70c5baff946603cc281255"',
68 verbose headers   'last-modified': 'Mon, 26 Oct 2020 21:55:25 GMT',
68 verbose headers   vary: 'Accept-Encoding',
68 verbose headers   'cf-cache-status': 'HIT',
68 verbose headers   'cf-request-id': '06ffa400140000ffb8e114d000000001',
68 verbose headers   'expect-ct': 'max-age=604800, report-uri="https://report-uri.cloudflare.com/cdn-cgi/beacon/expect-ct"',
68 verbose headers   server: 'cloudflare' }
69 silly get cb [ 304,
69 silly get   { date: 'Sun, 13 Dec 2020 21:39:01 GMT',
69 silly get     connection: 'keep-alive',
69 silly get     'set-cookie':
69 silly get      [ '__cfduid=db817602388f0b7c81eb7b5f2633236211607895541; expires=Tue, 12-Jan-21 21:39:01 GMT; path=/; domain=.npmjs.org; HttpOnly; SameSite=Lax' ],
69 silly get     'cf-ray': '6012d5e018c8ffb8-WAW',
69 silly get     age: '343',
69 silly get     'cache-control': 'public, max-age=300',
69 silly get     etag: '"add7c0266a70c5baff946603cc281255"',
69 silly get     'last-modified': 'Mon, 26 Oct 2020 21:55:25 GMT',
69 silly get     vary: 'Accept-Encoding',
69 silly get     'cf-cache-status': 'HIT',
69 silly get     'cf-request-id': '06ffa400140000ffb8e114d000000001',
69 silly get     'expect-ct': 'max-age=604800, report-uri="https://report-uri.cloudflare.com/cdn-cgi/beacon/expect-ct"',
69 silly get     server: 'cloudflare' } ]
70 verbose etag https://registry.npmjs.org/chokidar from cache
71 verbose get saving chokidar to /home/mateusz/.npm/registry.npmjs.org/chokidar/.cache.json
72 silly resolveWithNewModule chokidar@3.4.3 checking installable status
73 silly cache add args [ 'chokidar@>=2.0.0 <4.0.0', null ]
74 verbose cache add spec chokidar@>=2.0.0 <4.0.0
75 silly cache add parsed spec Result {
75 silly cache add   raw: 'chokidar@>=2.0.0 <4.0.0',
75 silly cache add   scope: null,
75 silly cache add   name: 'chokidar',
75 silly cache add   rawSpec: '>=2.0.0 <4.0.0',
75 silly cache add   spec: '>=2.0.0 <4.0.0',
75 silly cache add   type: 'range' }
76 silly addNamed chokidar@>=2.0.0 <4.0.0
77 verbose addNamed ">=2.0.0 <4.0.0" is a valid semver range for chokidar
78 silly addNameRange { name: 'chokidar', range: '>=2.0.0 <4.0.0', hasData: false }
79 silly mapToRegistry name chokidar
80 silly mapToRegistry using default registry
81 silly mapToRegistry registry https://registry.npmjs.org/
82 silly mapToRegistry uri https://registry.npmjs.org/chokidar
83 verbose addNameRange registry:https://registry.npmjs.org/chokidar not in flight; fetching
84 verbose get https://registry.npmjs.org/chokidar not expired, no request
85 silly addNameRange number 2 { name: 'chokidar', range: '>=2.0.0 <4.0.0', hasData: true }
86 silly addNameRange versions [ 'chokidar',
86 silly addNameRange   [ '0.1.1',
86 silly addNameRange     '0.2.0',
86 silly addNameRange     '0.2.1',
86 silly addNameRange     '0.2.2',
86 silly addNameRange     '0.2.3',
86 silly addNameRange     '0.2.4',
86 silly addNameRange     '0.2.5',
86 silly addNameRange     '0.2.6',
86 silly addNameRange     '0.3.0',
86 silly addNameRange     '0.4.0',
86 silly addNameRange     '0.5.0',
86 silly addNameRange     '0.5.1',
86 silly addNameRange     '0.5.2',
86 silly addNameRange     '0.5.3',
86 silly addNameRange     '0.6.0',
86 silly addNameRange     '0.6.1',
86 silly addNameRange     '0.6.2',
86 silly addNameRange     '0.6.3',
86 silly addNameRange     '0.7.0',
86 silly addNameRange     '0.7.1',
86 silly addNameRange     '0.8.0',
86 silly addNameRange     '0.8.1',
86 silly addNameRange     '0.8.2',
86 silly addNameRange     '0.8.3',
86 silly addNameRange     '0.8.4',
86 silly addNameRange     '0.9.0',
86 silly addNameRange     '0.10.0',
86 silly addNameRange     '0.10.1',
86 silly addNameRange     '0.10.2',
86 silly addNameRange     '0.10.3',
86 silly addNameRange     '0.10.4',
86 silly addNameRange     '0.10.5',
86 silly addNameRange     '0.10.6',
86 silly addNameRange     '0.10.7',
86 silly addNameRange     '0.10.8',
86 silly addNameRange     '0.10.9',
86 silly addNameRange     '0.11.0',
86 silly addNameRange     '0.11.1',
86 silly addNameRange     '0.12.0',
86 silly addNameRange     '0.12.1',
86 silly addNameRange     '0.12.2',
86 silly addNameRange     '0.12.3',
86 silly addNameRange     '0.12.4',
86 silly addNameRange     '0.12.5',
86 silly addNameRange     '0.12.6',
86 silly addNameRange     '1.0.0-rc1',
86 silly addNameRange     '1.0.0-rc1.1',
86 silly addNameRange     '1.0.0-rc2',
86 silly addNameRange     '1.0.0-rc3',
86 silly addNameRange     '1.0.0-rc4',
86 silly addNameRange     '1.0.0-rc5',
86 silly addNameRange     '1.0.0',
86 silly addNameRange     '1.0.1',
86 silly addNameRange     '1.0.2',
86 silly addNameRange     '1.0.3',
86 silly addNameRange     '1.0.4',
86 silly addNameRange     '1.0.5',
86 silly addNameRange     '1.0.6',
86 silly addNameRange     '1.1.0',
86 silly addNameRange     '1.2.0',
86 silly addNameRange     '1.3.0',
86 silly addNameRange     '1.4.0',
86 silly addNameRange     '1.4.1',
86 silly addNameRange     '1.4.2',
86 silly addNameRange     '1.4.3',
86 silly addNameRange     '1.5.0',
86 silly addNameRange     '1.5.1',
86 silly addNameRange     '1.5.2',
86 silly addNameRange     '1.6.0',
86 silly addNameRange     '1.6.1',
86 silly addNameRange     '1.7.0',
86 silly addNameRange     '2.0.0',
86 silly addNameRange     '2.0.1',
86 silly addNameRange     '2.0.2',
86 silly addNameRange     '2.0.3',
86 silly addNameRange     '2.0.4',
86 silly addNameRange     '2.1.0',
86 silly addNameRange     '2.1.1',
86 silly addNameRange     '2.1.2',
86 silly addNameRange     '2.1.3',
86 silly addNameRange     '2.1.4',
86 silly addNameRange     '2.1.5',
86 silly addNameRange     '3.0.0',
86 silly addNameRange     '2.1.6',
86 silly addNameRange     '3.0.1',
86 silly addNameRange     '3.0.2',
86 silly addNameRange     '2.1.8',
86 silly addNameRange     '3.1.0',
86 silly addNameRange     '3.1.1',
86 silly addNameRange     '3.2.0',
86 silly addNameRange     '3.2.1',
86 silly addNameRange     '3.2.2',
86 silly addNameRange     '3.2.3',
86 silly addNameRange     '3.3.0',
86 silly addNameRange     '3.3.1',
86 silly addNameRange     '3.4.0',
86 silly addNameRange     '3.4.1',
86 silly addNameRange     '3.4.2',
86 silly addNameRange     '3.4.3' ] ]
87 silly addNamed chokidar@3.4.3
88 verbose addNamed "3.4.3" is a plain semver version for chokidar
89 silly cache afterAdd chokidar@3.4.3
90 verbose afterAdd /home/mateusz/.npm/chokidar/3.4.3/package/package.json not in flight; writing
91 verbose afterAdd /home/mateusz/.npm/chokidar/3.4.3/package/package.json written
92 silly fetchNamedPackageData anymatch
93 silly mapToRegistry name anymatch
94 silly mapToRegistry using default registry
95 silly mapToRegistry registry https://registry.npmjs.org/
96 silly mapToRegistry uri https://registry.npmjs.org/anymatch
97 silly fetchNamedPackageData braces
98 silly mapToRegistry name braces
99 silly mapToRegistry using default registry
100 silly mapToRegistry registry https://registry.npmjs.org/
101 silly mapToRegistry uri https://registry.npmjs.org/braces
102 silly fetchNamedPackageData glob-parent
103 silly mapToRegistry name glob-parent
104 silly mapToRegistry using default registry
105 silly mapToRegistry registry https://registry.npmjs.org/
106 silly mapToRegistry uri https://registry.npmjs.org/glob-parent
107 silly fetchNamedPackageData is-binary-path
108 silly mapToRegistry name is-binary-path
109 silly mapToRegistry using default registry
110 silly mapToRegistry registry https://registry.npmjs.org/
111 silly mapToRegistry uri https://registry.npmjs.org/is-binary-path
112 silly fetchNamedPackageData is-glob
113 silly mapToRegistry name is-glob
114 silly mapToRegistry using default registry
115 silly mapToRegistry registry https://registry.npmjs.org/
116 silly mapToRegistry uri https://registry.npmjs.org/is-glob
117 silly fetchNamedPackageData normalize-path
118 silly mapToRegistry name normalize-path
119 silly mapToRegistry using default registry
120 silly mapToRegistry registry https://registry.npmjs.org/
121 silly mapToRegistry uri https://registry.npmjs.org/normalize-path
122 silly fetchNamedPackageData readdirp
123 silly mapToRegistry name readdirp
124 silly mapToRegistry using default registry
125 silly mapToRegistry registry https://registry.npmjs.org/
126 silly mapToRegistry uri https://registry.npmjs.org/readdirp
127 silly fetchNamedPackageData fsevents
128 silly mapToRegistry name fsevents
129 silly mapToRegistry using default registry
130 silly mapToRegistry registry https://registry.npmjs.org/
131 silly mapToRegistry uri https://registry.npmjs.org/fsevents
132 verbose request uri https://registry.npmjs.org/anymatch
133 verbose request no auth needed
134 info attempt registry request try #1 at 10:39:01 PM
135 verbose etag W/"98fa5632ec0e527416f1335e40360ff2"
136 verbose lastModified Tue, 01 Oct 2019 02:34:52 GMT
137 http request GET https://registry.npmjs.org/anymatch
138 verbose request uri https://registry.npmjs.org/glob-parent
139 verbose request no auth needed
140 info attempt registry request try #1 at 10:39:01 PM
141 verbose etag W/"55aefcb05179f7fa45b295d0974d798e"
142 verbose lastModified Sat, 21 Mar 2020 23:16:52 GMT
143 http request GET https://registry.npmjs.org/glob-parent
144 verbose request uri https://registry.npmjs.org/is-binary-path
145 verbose request no auth needed
146 info attempt registry request try #1 at 10:39:01 PM
147 verbose etag W/"8ed7a9479c3f5e194e9571992693ddc0"
148 verbose lastModified Fri, 19 Apr 2019 04:42:49 GMT
149 http request GET https://registry.npmjs.org/is-binary-path
150 verbose request uri https://registry.npmjs.org/braces
151 verbose request no auth needed
152 info attempt registry request try #1 at 10:39:01 PM
153 verbose etag W/"53878de16015f7ab71c0a56f622f24f9"
154 verbose lastModified Tue, 16 Apr 2019 19:51:16 GMT
155 http request GET https://registry.npmjs.org/braces
156 verbose request uri https://registry.npmjs.org/is-glob
157 verbose request no auth needed
158 info attempt registry request try #1 at 10:39:01 PM
159 verbose etag W/"d4c60158c6c0244bf96dd8e6749675aa"
160 verbose lastModified Wed, 27 Mar 2019 22:26:41 GMT
161 http request GET https://registry.npmjs.org/is-glob
162 verbose request uri https://registry.npmjs.org/normalize-path
163 verbose request no auth needed
164 info attempt registry request try #1 at 10:39:01 PM
165 verbose etag W/"0a459c763ee9d4916c02d792a226cce9"
166 verbose lastModified Sun, 27 May 2018 10:33:45 GMT
167 http request GET https://registry.npmjs.org/normalize-path
168 verbose request uri https://registry.npmjs.org/readdirp
169 verbose request no auth needed
170 info attempt registry request try #1 at 10:39:01 PM
171 verbose etag W/"fd50e901e3e7ff4682828e07e910080e"
172 verbose lastModified Tue, 13 Oct 2020 10:18:01 GMT
173 http request GET https://registry.npmjs.org/readdirp
174 verbose request uri https://registry.npmjs.org/fsevents
175 verbose request no auth needed
176 info attempt registry request try #1 at 10:39:01 PM
177 verbose etag W/"97d7b2b0c918240f2b976c59a6e7fd39"
178 verbose lastModified Thu, 05 Nov 2020 16:51:23 GMT
179 http request GET https://registry.npmjs.org/fsevents
180 http 304 https://registry.npmjs.org/fsevents
181 verbose headers { date: 'Sun, 13 Dec 2020 21:39:02 GMT',
181 verbose headers   connection: 'keep-alive',
181 verbose headers   'set-cookie':
181 verbose headers    [ '__cfduid=da7bc443c42e77bcd357984d8720809031607895542; expires=Tue, 12-Jan-21 21:39:02 GMT; path=/; domain=.npmjs.org; HttpOnly; SameSite=Lax' ],
181 verbose headers   'cf-ray': '6012d5e1ad9af2e0-WAW',
181 verbose headers   age: '1643',
181 verbose headers   'cache-control': 'public, max-age=300',
181 verbose headers   etag: '"97d7b2b0c918240f2b976c59a6e7fd39"',
181 verbose headers   'last-modified': 'Thu, 05 Nov 2020 16:51:23 GMT',
181 verbose headers   vary: 'Accept-Encoding',
181 verbose headers   'cf-cache-status': 'HIT',
181 verbose headers   'cf-request-id': '06ffa401050000f2e07e2ec000000001',
181 verbose headers   'expect-ct': 'max-age=604800, report-uri="https://report-uri.cloudflare.com/cdn-cgi/beacon/expect-ct"',
181 verbose headers   server: 'cloudflare' }
182 silly get cb [ 304,
182 silly get   { date: 'Sun, 13 Dec 2020 21:39:02 GMT',
182 silly get     connection: 'keep-alive',
182 silly get     'set-cookie':
182 silly get      [ '__cfduid=da7bc443c42e77bcd357984d8720809031607895542; expires=Tue, 12-Jan-21 21:39:02 GMT; path=/; domain=.npmjs.org; HttpOnly; SameSite=Lax' ],
182 silly get     'cf-ray': '6012d5e1ad9af2e0-WAW',
182 silly get     age: '1643',
182 silly get     'cache-control': 'public, max-age=300',
182 silly get     etag: '"97d7b2b0c918240f2b976c59a6e7fd39"',
182 silly get     'last-modified': 'Thu, 05 Nov 2020 16:51:23 GMT',
182 silly get     vary: 'Accept-Encoding',
182 silly get     'cf-cache-status': 'HIT',
182 silly get     'cf-request-id': '06ffa401050000f2e07e2ec000000001',
182 silly get     'expect-ct': 'max-age=604800, report-uri="https://report-uri.cloudflare.com/cdn-cgi/beacon/expect-ct"',
182 silly get     server: 'cloudflare' } ]
183 verbose etag https://registry.npmjs.org/fsevents from cache
184 verbose get saving fsevents to /home/mateusz/.npm/registry.npmjs.org/fsevents/.cache.json
185 http 304 https://registry.npmjs.org/braces
186 verbose headers { date: 'Sun, 13 Dec 2020 21:39:02 GMT',
186 verbose headers   connection: 'keep-alive',
186 verbose headers   'set-cookie':
186 verbose headers    [ '__cfduid=d456a9ade94faf5461d2dc6c033a8d7271607895542; expires=Tue, 12-Jan-21 21:39:02 GMT; path=/; domain=.npmjs.org; HttpOnly; SameSite=Lax' ],
186 verbose headers   'cf-ray': '6012d5e1aa5d165b-WAW',
186 verbose headers   age: '342',
186 verbose headers   'cache-control': 'public, max-age=300',
186 verbose headers   etag: '"53878de16015f7ab71c0a56f622f24f9"',
186 verbose headers   'last-modified': 'Tue, 16 Apr 2019 19:51:16 GMT',
186 verbose headers   vary: 'Accept-Encoding',
186 verbose headers   'cf-cache-status': 'HIT',
186 verbose headers   'cf-request-id': '06ffa4010b0000165b0b02d000000001',
186 verbose headers   'expect-ct': 'max-age=604800, report-uri="https://report-uri.cloudflare.com/cdn-cgi/beacon/expect-ct"',
186 verbose headers   server: 'cloudflare' }
187 silly get cb [ 304,
187 silly get   { date: 'Sun, 13 Dec 2020 21:39:02 GMT',
187 silly get     connection: 'keep-alive',
187 silly get     'set-cookie':
187 silly get      [ '__cfduid=d456a9ade94faf5461d2dc6c033a8d7271607895542; expires=Tue, 12-Jan-21 21:39:02 GMT; path=/; domain=.npmjs.org; HttpOnly; SameSite=Lax' ],
187 silly get     'cf-ray': '6012d5e1aa5d165b-WAW',
187 silly get     age: '342',
187 silly get     'cache-control': 'public, max-age=300',
187 silly get     etag: '"53878de16015f7ab71c0a56f622f24f9"',
187 silly get     'last-modified': 'Tue, 16 Apr 2019 19:51:16 GMT',
187 silly get     vary: 'Accept-Encoding',
187 silly get     'cf-cache-status': 'HIT',
187 silly get     'cf-request-id': '06ffa4010b0000165b0b02d000000001',
187 silly get     'expect-ct': 'max-age=604800, report-uri="https://report-uri.cloudflare.com/cdn-cgi/beacon/expect-ct"',
187 silly get     server: 'cloudflare' } ]
188 verbose etag https://registry.npmjs.org/braces from cache
189 verbose get saving braces to /home/mateusz/.npm/registry.npmjs.org/braces/.cache.json
190 http 304 https://registry.npmjs.org/anymatch
191 verbose headers { date: 'Sun, 13 Dec 2020 21:39:02 GMT',
191 verbose headers   connection: 'keep-alive',
191 verbose headers   'set-cookie':
191 verbose headers    [ '__cfduid=db817602388f0b7c81eb7b5f2633236211607895541; expires=Tue, 12-Jan-21 21:39:01 GMT; path=/; domain=.npmjs.org; HttpOnly; SameSite=Lax' ],
191 verbose headers   'cf-ray': '6012d5e10b77ffb8-WAW',
191 verbose headers   age: '3464',
191 verbose headers   'cache-control': 'public, max-age=300',
191 verbose headers   etag: '"98fa5632ec0e527416f1335e40360ff2"',
191 verbose headers   'last-modified': 'Tue, 01 Oct 2019 02:34:52 GMT',
191 verbose headers   vary: 'Accept-Encoding',
191 verbose headers   'cf-cache-status': 'HIT',
191 verbose headers   'cf-request-id': '06ffa400a80000ffb897abb000000001',
191 verbose headers   'expect-ct': 'max-age=604800, report-uri="https://report-uri.cloudflare.com/cdn-cgi/beacon/expect-ct"',
191 verbose headers   server: 'cloudflare' }
192 silly get cb [ 304,
192 silly get   { date: 'Sun, 13 Dec 2020 21:39:02 GMT',
192 silly get     connection: 'keep-alive',
192 silly get     'set-cookie':
192 silly get      [ '__cfduid=db817602388f0b7c81eb7b5f2633236211607895541; expires=Tue, 12-Jan-21 21:39:01 GMT; path=/; domain=.npmjs.org; HttpOnly; SameSite=Lax' ],
192 silly get     'cf-ray': '6012d5e10b77ffb8-WAW',
192 silly get     age: '3464',
192 silly get     'cache-control': 'public, max-age=300',
192 silly get     etag: '"98fa5632ec0e527416f1335e40360ff2"',
192 silly get     'last-modified': 'Tue, 01 Oct 2019 02:34:52 GMT',
192 silly get     vary: 'Accept-Encoding',
192 silly get     'cf-cache-status': 'HIT',
192 silly get     'cf-request-id': '06ffa400a80000ffb897abb000000001',
192 silly get     'expect-ct': 'max-age=604800, report-uri="https://report-uri.cloudflare.com/cdn-cgi/beacon/expect-ct"',
192 silly get     server: 'cloudflare' } ]
193 verbose etag https://registry.npmjs.org/anymatch from cache
194 verbose get saving anymatch to /home/mateusz/.npm/registry.npmjs.org/anymatch/.cache.json
195 http 304 https://registry.npmjs.org/glob-parent
196 verbose headers { date: 'Sun, 13 Dec 2020 21:39:02 GMT',
196 verbose headers   connection: 'keep-alive',
196 verbose headers   'set-cookie':
196 verbose headers    [ '__cfduid=d9ac652a5c8b75e5621fb6b00f8f4692d1607895542; expires=Tue, 12-Jan-21 21:39:02 GMT; path=/; domain=.npmjs.org; HttpOnly; SameSite=Lax' ],
196 verbose headers   'cf-ray': '6012d5e1ab751624-WAW',
196 verbose headers   age: '3465',
196 verbose headers   'cache-control': 'public, max-age=300',
196 verbose headers   etag: '"55aefcb05179f7fa45b295d0974d798e"',
196 verbose headers   'last-modified': 'Sat, 21 Mar 2020 23:16:52 GMT',
196 verbose headers   vary: 'Accept-Encoding',
196 verbose headers   'cf-cache-status': 'HIT',
196 verbose headers   'cf-request-id': '06ffa4010500001624b526f000000001',
196 verbose headers   'expect-ct': 'max-age=604800, report-uri="https://report-uri.cloudflare.com/cdn-cgi/beacon/expect-ct"',
196 verbose headers   server: 'cloudflare' }
197 silly get cb [ 304,
197 silly get   { date: 'Sun, 13 Dec 2020 21:39:02 GMT',
197 silly get     connection: 'keep-alive',
197 silly get     'set-cookie':
197 silly get      [ '__cfduid=d9ac652a5c8b75e5621fb6b00f8f4692d1607895542; expires=Tue, 12-Jan-21 21:39:02 GMT; path=/; domain=.npmjs.org; HttpOnly; SameSite=Lax' ],
197 silly get     'cf-ray': '6012d5e1ab751624-WAW',
197 silly get     age: '3465',
197 silly get     'cache-control': 'public, max-age=300',
197 silly get     etag: '"55aefcb05179f7fa45b295d0974d798e"',
197 silly get     'last-modified': 'Sat, 21 Mar 2020 23:16:52 GMT',
197 silly get     vary: 'Accept-Encoding',
197 silly get     'cf-cache-status': 'HIT',
197 silly get     'cf-request-id': '06ffa4010500001624b526f000000001',
197 silly get     'expect-ct': 'max-age=604800, report-uri="https://report-uri.cloudflare.com/cdn-cgi/beacon/expect-ct"',
197 silly get     server: 'cloudflare' } ]
198 verbose etag https://registry.npmjs.org/glob-parent from cache
199 verbose get saving glob-parent to /home/mateusz/.npm/registry.npmjs.org/glob-parent/.cache.json
200 http 304 https://registry.npmjs.org/is-binary-path
201 verbose headers { date: 'Sun, 13 Dec 2020 21:39:02 GMT',
201 verbose headers   connection: 'keep-alive',
201 verbose headers   'set-cookie':
201 verbose headers    [ '__cfduid=de8f8a6e761bd5e43778e1c23795937c91607895542; expires=Tue, 12-Jan-21 21:39:02 GMT; path=/; domain=.npmjs.org; HttpOnly; SameSite=Lax' ],
201 verbose headers   'cf-ray': '6012d5e1af7ef2d8-WAW',
201 verbose headers   age: '342',
201 verbose headers   'cache-control': 'public, max-age=300',
201 verbose headers   etag: '"8ed7a9479c3f5e194e9571992693ddc0"',
201 verbose headers   'last-modified': 'Fri, 19 Apr 2019 04:42:49 GMT',
201 verbose headers   vary: 'Accept-Encoding',
201 verbose headers   'cf-cache-status': 'HIT',
201 verbose headers   'cf-request-id': '06ffa401060000f2d8cb8b4000000001',
201 verbose headers   'expect-ct': 'max-age=604800, report-uri="https://report-uri.cloudflare.com/cdn-cgi/beacon/expect-ct"',
201 verbose headers   server: 'cloudflare' }
202 silly get cb [ 304,
202 silly get   { date: 'Sun, 13 Dec 2020 21:39:02 GMT',
202 silly get     connection: 'keep-alive',
202 silly get     'set-cookie':
202 silly get      [ '__cfduid=de8f8a6e761bd5e43778e1c23795937c91607895542; expires=Tue, 12-Jan-21 21:39:02 GMT; path=/; domain=.npmjs.org; HttpOnly; SameSite=Lax' ],
202 silly get     'cf-ray': '6012d5e1af7ef2d8-WAW',
202 silly get     age: '342',
202 silly get     'cache-control': 'public, max-age=300',
202 silly get     etag: '"8ed7a9479c3f5e194e9571992693ddc0"',
202 silly get     'last-modified': 'Fri, 19 Apr 2019 04:42:49 GMT',
202 silly get     vary: 'Accept-Encoding',
202 silly get     'cf-cache-status': 'HIT',
202 silly get     'cf-request-id': '06ffa401060000f2d8cb8b4000000001',
202 silly get     'expect-ct': 'max-age=604800, report-uri="https://report-uri.cloudflare.com/cdn-cgi/beacon/expect-ct"',
202 silly get     server: 'cloudflare' } ]
203 verbose etag https://registry.npmjs.org/is-binary-path from cache
204 verbose get saving is-binary-path to /home/mateusz/.npm/registry.npmjs.org/is-binary-path/.cache.json
205 silly resolveWithNewModule fsevents@2.1.3 checking installable status
206 silly resolveWithNewModule anymatch@3.1.1 checking installable status
207 silly cache add args [ 'anymatch@~3.1.1', null ]
208 verbose cache add spec anymatch@~3.1.1
209 silly cache add parsed spec Result {
209 silly cache add   raw: 'anymatch@~3.1.1',
209 silly cache add   scope: null,
209 silly cache add   name: 'anymatch',
209 silly cache add   rawSpec: '~3.1.1',
209 silly cache add   spec: '>=3.1.1 <3.2.0',
209 silly cache add   type: 'range' }
210 silly addNamed anymatch@>=3.1.1 <3.2.0
211 verbose addNamed ">=3.1.1 <3.2.0" is a valid semver range for anymatch
212 silly addNameRange { name: 'anymatch', range: '>=3.1.1 <3.2.0', hasData: false }
213 silly mapToRegistry name anymatch
214 silly mapToRegistry using default registry
215 silly mapToRegistry registry https://registry.npmjs.org/
216 silly mapToRegistry uri https://registry.npmjs.org/anymatch
217 verbose addNameRange registry:https://registry.npmjs.org/anymatch not in flight; fetching
218 silly resolveWithNewModule braces@3.0.2 checking installable status
219 silly cache add args [ 'braces@~3.0.2', null ]
220 verbose cache add spec braces@~3.0.2
221 silly cache add parsed spec Result {
221 silly cache add   raw: 'braces@~3.0.2',
221 silly cache add   scope: null,
221 silly cache add   name: 'braces',
221 silly cache add   rawSpec: '~3.0.2',
221 silly cache add   spec: '>=3.0.2 <3.1.0',
221 silly cache add   type: 'range' }
222 silly addNamed braces@>=3.0.2 <3.1.0
223 verbose addNamed ">=3.0.2 <3.1.0" is a valid semver range for braces
224 silly addNameRange { name: 'braces', range: '>=3.0.2 <3.1.0', hasData: false }
225 silly mapToRegistry name braces
226 silly mapToRegistry using default registry
227 silly mapToRegistry registry https://registry.npmjs.org/
228 silly mapToRegistry uri https://registry.npmjs.org/braces
229 verbose addNameRange registry:https://registry.npmjs.org/braces not in flight; fetching
230 silly resolveWithNewModule glob-parent@5.1.1 checking installable status
231 silly cache add args [ 'glob-parent@~5.1.0', null ]
232 verbose cache add spec glob-parent@~5.1.0
233 silly cache add parsed spec Result {
233 silly cache add   raw: 'glob-parent@~5.1.0',
233 silly cache add   scope: null,
233 silly cache add   name: 'glob-parent',
233 silly cache add   rawSpec: '~5.1.0',
233 silly cache add   spec: '>=5.1.0 <5.2.0',
233 silly cache add   type: 'range' }
234 silly addNamed glob-parent@>=5.1.0 <5.2.0
235 verbose addNamed ">=5.1.0 <5.2.0" is a valid semver range for glob-parent
236 silly addNameRange { name: 'glob-parent', range: '>=5.1.0 <5.2.0', hasData: false }
237 silly mapToRegistry name glob-parent
238 silly mapToRegistry using default registry
239 silly mapToRegistry registry https://registry.npmjs.org/
240 silly mapToRegistry uri https://registry.npmjs.org/glob-parent
241 verbose addNameRange registry:https://registry.npmjs.org/glob-parent not in flight; fetching
242 http 304 https://registry.npmjs.org/readdirp
243 verbose headers { date: 'Sun, 13 Dec 2020 21:39:02 GMT',
243 verbose headers   connection: 'keep-alive',
243 verbose headers   'set-cookie':
243 verbose headers    [ '__cfduid=d619fa6b234e9bea5512ec0d55254054a1607895542; expires=Tue, 12-Jan-21 21:39:02 GMT; path=/; domain=.npmjs.org; HttpOnly; SameSite=Lax' ],
243 verbose headers   'cf-ray': '6012d5e1aabbb845-WAW',
243 verbose headers   age: '3465',
243 verbose headers   'cache-control': 'public, max-age=300',
243 verbose headers   etag: '"fd50e901e3e7ff4682828e07e910080e"',
243 verbose headers   'last-modified': 'Tue, 13 Oct 2020 10:18:01 GMT',
243 verbose headers   vary: 'Accept-Encoding',
243 verbose headers   'cf-cache-status': 'HIT',
243 verbose headers   'cf-request-id': '06ffa401090000b845b81c4000000001',
243 verbose headers   'expect-ct': 'max-age=604800, report-uri="https://report-uri.cloudflare.com/cdn-cgi/beacon/expect-ct"',
243 verbose headers   server: 'cloudflare' }
244 silly get cb [ 304,
244 silly get   { date: 'Sun, 13 Dec 2020 21:39:02 GMT',
244 silly get     connection: 'keep-alive',
244 silly get     'set-cookie':
244 silly get      [ '__cfduid=d619fa6b234e9bea5512ec0d55254054a1607895542; expires=Tue, 12-Jan-21 21:39:02 GMT; path=/; domain=.npmjs.org; HttpOnly; SameSite=Lax' ],
244 silly get     'cf-ray': '6012d5e1aabbb845-WAW',
244 silly get     age: '3465',
244 silly get     'cache-control': 'public, max-age=300',
244 silly get     etag: '"fd50e901e3e7ff4682828e07e910080e"',
244 silly get     'last-modified': 'Tue, 13 Oct 2020 10:18:01 GMT',
244 silly get     vary: 'Accept-Encoding',
244 silly get     'cf-cache-status': 'HIT',
244 silly get     'cf-request-id': '06ffa401090000b845b81c4000000001',
244 silly get     'expect-ct': 'max-age=604800, report-uri="https://report-uri.cloudflare.com/cdn-cgi/beacon/expect-ct"',
244 silly get     server: 'cloudflare' } ]
245 verbose etag https://registry.npmjs.org/readdirp from cache
246 verbose get saving readdirp to /home/mateusz/.npm/registry.npmjs.org/readdirp/.cache.json
247 silly resolveWithNewModule is-binary-path@2.1.0 checking installable status
248 silly cache add args [ 'is-binary-path@~2.1.0', null ]
249 verbose cache add spec is-binary-path@~2.1.0
250 silly cache add parsed spec Result {
250 silly cache add   raw: 'is-binary-path@~2.1.0',
250 silly cache add   scope: null,
250 silly cache add   name: 'is-binary-path',
250 silly cache add   rawSpec: '~2.1.0',
250 silly cache add   spec: '>=2.1.0 <2.2.0',
250 silly cache add   type: 'range' }
251 silly addNamed is-binary-path@>=2.1.0 <2.2.0
252 verbose addNamed ">=2.1.0 <2.2.0" is a valid semver range for is-binary-path
253 silly addNameRange { name: 'is-binary-path',
253 silly addNameRange   range: '>=2.1.0 <2.2.0',
253 silly addNameRange   hasData: false }
254 silly mapToRegistry name is-binary-path
255 silly mapToRegistry using default registry
256 silly mapToRegistry registry https://registry.npmjs.org/
257 silly mapToRegistry uri https://registry.npmjs.org/is-binary-path
258 verbose addNameRange registry:https://registry.npmjs.org/is-binary-path not in flight; fetching
259 verbose get https://registry.npmjs.org/anymatch not expired, no request
260 silly addNameRange number 2 { name: 'anymatch', range: '>=3.1.1 <3.2.0', hasData: true }
261 silly addNameRange versions [ 'anymatch',
261 silly addNameRange   [ '0.1.0',
261 silly addNameRange     '0.1.1',
261 silly addNameRange     '0.2.0',
261 silly addNameRange     '1.0.0',
261 silly addNameRange     '1.1.0',
261 silly addNameRange     '1.2.0',
261 silly addNameRange     '1.2.1',
261 silly addNameRange     '1.3.0',
261 silly addNameRange     '1.3.2',
261 silly addNameRange     '2.0.0',
261 silly addNameRange     '3.0.0',
261 silly addNameRange     '3.0.1',
261 silly addNameRange     '3.0.2',
261 silly addNameRange     '3.0.3',
261 silly addNameRange     '3.1.0',
261 silly addNameRange     '3.1.1' ] ]
262 silly addNamed anymatch@3.1.1
263 verbose addNamed "3.1.1" is a plain semver version for anymatch
264 verbose get https://registry.npmjs.org/glob-parent not expired, no request
265 silly addNameRange number 2 { name: 'glob-parent', range: '>=5.1.0 <5.2.0', hasData: true }
266 silly addNameRange versions [ 'glob-parent',
266 silly addNameRange   [ '1.0.0',
266 silly addNameRange     '1.1.0',
266 silly addNameRange     '1.2.0',
266 silly addNameRange     '1.3.0',
266 silly addNameRange     '2.0.0',
266 silly addNameRange     '3.0.0',
266 silly addNameRange     '3.0.1',
266 silly addNameRange     '3.1.0',
266 silly addNameRange     '4.0.0',
266 silly addNameRange     '5.0.0',
266 silly addNameRange     '5.1.0',
266 silly addNameRange     '5.1.1' ] ]
267 silly addNamed glob-parent@5.1.1
268 verbose addNamed "5.1.1" is a plain semver version for glob-parent
269 verbose get https://registry.npmjs.org/braces not expired, no request
270 silly addNameRange number 2 { name: 'braces', range: '>=3.0.2 <3.1.0', hasData: true }
271 silly addNameRange versions [ 'braces',
271 silly addNameRange   [ '0.1.0',
271 silly addNameRange     '0.1.1',
271 silly addNameRange     '0.1.2',
271 silly addNameRange     '0.1.4',
271 silly addNameRange     '0.1.5',
271 silly addNameRange     '1.0.0',
271 silly addNameRange     '1.1.0',
271 silly addNameRange     '1.2.0',
271 silly addNameRange     '1.3.0',
271 silly addNameRange     '1.4.0',
271 silly addNameRange     '1.5.0',
271 silly addNameRange     '1.5.1',
271 silly addNameRange     '1.6.0',
271 silly addNameRange     '1.7.0',
271 silly addNameRange     '1.8.0',
271 silly addNameRange     '1.8.1',
271 silly addNameRange     '1.8.2',
271 silly addNameRange     '1.8.3',
271 silly addNameRange     '1.8.4',
271 silly addNameRange     '1.8.5',
271 silly addNameRange     '2.0.0',
271 silly addNameRange     '2.0.1',
271 silly addNameRange     '2.0.2',
271 silly addNameRange     '2.0.3',
271 silly addNameRange     '2.0.4',
271 silly addNameRange     '2.1.0',
271 silly addNameRange     '2.1.1',
271 silly addNameRange     '2.2.0',
271 silly addNameRange     '2.2.1',
271 silly addNameRange     '2.2.2',
271 silly addNameRange     '2.3.0',
271 silly addNameRange     '2.3.1',
271 silly addNameRange     '2.3.2',
271 silly addNameRange     '3.0.0',
271 silly addNameRange     '3.0.1',
271 silly addNameRange     '3.0.2' ] ]
272 silly addNamed braces@3.0.2
273 verbose addNamed "3.0.2" is a plain semver version for braces
274 verbose get https://registry.npmjs.org/is-binary-path not expired, no request
275 silly addNameRange number 2 { name: 'is-binary-path',
275 silly addNameRange   range: '>=2.1.0 <2.2.0',
275 silly addNameRange   hasData: true }
276 silly addNameRange versions [ 'is-binary-path',
276 silly addNameRange   [ '1.0.0', '1.0.1', '2.0.0', '2.0.1', '2.1.0' ] ]
277 silly addNamed is-binary-path@2.1.0
278 verbose addNamed "2.1.0" is a plain semver version for is-binary-path
279 http 304 https://registry.npmjs.org/is-glob
280 verbose headers { date: 'Sun, 13 Dec 2020 21:39:02 GMT',
280 verbose headers   connection: 'keep-alive',
280 verbose headers   'set-cookie':
280 verbose headers    [ '__cfduid=d0e68f64ecd7c3dafc1791bff8a9fc4631607895542; expires=Tue, 12-Jan-21 21:39:02 GMT; path=/; domain=.npmjs.org; HttpOnly; SameSite=Lax' ],
280 verbose headers   'cf-ray': '6012d5e1ae61f2cc-WAW',
280 verbose headers   age: '2281',
280 verbose headers   'cache-control': 'public, max-age=300',
280 verbose headers   etag: '"d4c60158c6c0244bf96dd8e6749675aa"',
280 verbose headers   'last-modified': 'Wed, 27 Mar 2019 22:26:41 GMT',
280 verbose headers   vary: 'Accept-Encoding',
280 verbose headers   'cf-cache-status': 'HIT',
280 verbose headers   'cf-request-id': '06ffa401110000f2cca9a0f000000001',
280 verbose headers   'expect-ct': 'max-age=604800, report-uri="https://report-uri.cloudflare.com/cdn-cgi/beacon/expect-ct"',
280 verbose headers   server: 'cloudflare' }
281 silly get cb [ 304,
281 silly get   { date: 'Sun, 13 Dec 2020 21:39:02 GMT',
281 silly get     connection: 'keep-alive',
281 silly get     'set-cookie':
281 silly get      [ '__cfduid=d0e68f64ecd7c3dafc1791bff8a9fc4631607895542; expires=Tue, 12-Jan-21 21:39:02 GMT; path=/; domain=.npmjs.org; HttpOnly; SameSite=Lax' ],
281 silly get     'cf-ray': '6012d5e1ae61f2cc-WAW',
281 silly get     age: '2281',
281 silly get     'cache-control': 'public, max-age=300',
281 silly get     etag: '"d4c60158c6c0244bf96dd8e6749675aa"',
281 silly get     'last-modified': 'Wed, 27 Mar 2019 22:26:41 GMT',
281 silly get     vary: 'Accept-Encoding',
281 silly get     'cf-cache-status': 'HIT',
281 silly get     'cf-request-id': '06ffa401110000f2cca9a0f000000001',
281 silly get     'expect-ct': 'max-age=604800, report-uri="https://report-uri.cloudflare.com/cdn-cgi/beacon/expect-ct"',
281 silly get     server: 'cloudflare' } ]
282 verbose etag https://registry.npmjs.org/is-glob from cache
283 verbose get saving is-glob to /home/mateusz/.npm/registry.npmjs.org/is-glob/.cache.json
284 silly resolveWithNewModule readdirp@3.5.0 checking installable status
285 silly cache add args [ 'readdirp@~3.5.0', null ]
286 verbose cache add spec readdirp@~3.5.0
287 silly cache add parsed spec Result {
287 silly cache add   raw: 'readdirp@~3.5.0',
287 silly cache add   scope: null,
287 silly cache add   name: 'readdirp',
287 silly cache add   rawSpec: '~3.5.0',
287 silly cache add   spec: '>=3.5.0 <3.6.0',
287 silly cache add   type: 'range' }
288 silly addNamed readdirp@>=3.5.0 <3.6.0
289 verbose addNamed ">=3.5.0 <3.6.0" is a valid semver range for readdirp
290 silly addNameRange { name: 'readdirp', range: '>=3.5.0 <3.6.0', hasData: false }
291 silly mapToRegistry name readdirp
292 silly mapToRegistry using default registry
293 silly mapToRegistry registry https://registry.npmjs.org/
294 silly mapToRegistry uri https://registry.npmjs.org/readdirp
295 verbose addNameRange registry:https://registry.npmjs.org/readdirp not in flight; fetching
296 silly cache afterAdd anymatch@3.1.1
297 verbose afterAdd /home/mateusz/.npm/anymatch/3.1.1/package/package.json not in flight; writing
298 silly cache afterAdd glob-parent@5.1.1
299 verbose afterAdd /home/mateusz/.npm/glob-parent/5.1.1/package/package.json not in flight; writing
300 silly cache afterAdd braces@3.0.2
301 verbose afterAdd /home/mateusz/.npm/braces/3.0.2/package/package.json not in flight; writing
302 silly cache afterAdd is-binary-path@2.1.0
303 verbose afterAdd /home/mateusz/.npm/is-binary-path/2.1.0/package/package.json not in flight; writing
304 verbose get https://registry.npmjs.org/readdirp not expired, no request
305 silly addNameRange number 2 { name: 'readdirp', range: '>=3.5.0 <3.6.0', hasData: true }
306 silly addNameRange versions [ 'readdirp',
306 silly addNameRange   [ '0.1.0',
306 silly addNameRange     '0.1.1',
306 silly addNameRange     '0.1.2',
306 silly addNameRange     '0.1.3',
306 silly addNameRange     '0.1.4',
306 silly addNameRange     '0.2.0',
306 silly addNameRange     '0.2.1',
306 silly addNameRange     '0.2.2',
306 silly addNameRange     '0.2.3',
306 silly addNameRange     '0.2.4',
306 silly addNameRange     '0.2.5',
306 silly addNameRange     '0.3.0',
306 silly addNameRange     '0.3.1',
306 silly addNameRange     '0.3.2',
306 silly addNameRange     '0.3.3',
306 silly addNameRange     '0.4.0',
306 silly addNameRange     '1.0.0',
306 silly addNameRange     '1.0.1',
306 silly addNameRange     '1.1.0',
306 silly addNameRange     '1.2.0',
306 silly addNameRange     '1.3.0',
306 silly addNameRange     '1.4.0',
306 silly addNameRange     '2.0.0',
306 silly addNameRange     '2.0.1',
306 silly addNameRange     '2.1.0',
306 silly addNameRange     '2.2.0',
306 silly addNameRange     '2.2.1',
306 silly addNameRange     '3.0.0',
306 silly addNameRange     '3.0.1',
306 silly addNameRange     '3.0.2',
306 silly addNameRange     '3.0.3',
306 silly addNameRange     '3.1.0',
306 silly addNameRange     '3.1.1',
306 silly addNameRange     '3.1.2',
306 silly addNameRange     '3.1.3',
306 silly addNameRange     '3.2.0',
306 silly addNameRange     '3.3.0',
306 silly addNameRange     '3.4.0',
306 silly addNameRange     '3.5.0' ] ]
307 silly addNamed readdirp@3.5.0
308 verbose addNamed "3.5.0" is a plain semver version for readdirp
309 verbose afterAdd /home/mateusz/.npm/anymatch/3.1.1/package/package.json written
310 verbose afterAdd /home/mateusz/.npm/glob-parent/5.1.1/package/package.json written
311 silly resolveWithNewModule is-glob@4.0.1 checking installable status
312 silly cache add args [ 'is-glob@~4.0.1', null ]
313 verbose cache add spec is-glob@~4.0.1
314 silly cache add parsed spec Result {
314 silly cache add   raw: 'is-glob@~4.0.1',
314 silly cache add   scope: null,
314 silly cache add   name: 'is-glob',
314 silly cache add   rawSpec: '~4.0.1',
314 silly cache add   spec: '>=4.0.1 <4.1.0',
314 silly cache add   type: 'range' }
315 silly addNamed is-glob@>=4.0.1 <4.1.0
316 verbose addNamed ">=4.0.1 <4.1.0" is a valid semver range for is-glob
317 silly addNameRange { name: 'is-glob', range: '>=4.0.1 <4.1.0', hasData: false }
318 silly mapToRegistry name is-glob
319 silly mapToRegistry using default registry
320 silly mapToRegistry registry https://registry.npmjs.org/
321 silly mapToRegistry uri https://registry.npmjs.org/is-glob
322 verbose addNameRange registry:https://registry.npmjs.org/is-glob not in flight; fetching
323 verbose afterAdd /home/mateusz/.npm/braces/3.0.2/package/package.json written
324 verbose afterAdd /home/mateusz/.npm/is-binary-path/2.1.0/package/package.json written
325 silly cache afterAdd readdirp@3.5.0
326 verbose afterAdd /home/mateusz/.npm/readdirp/3.5.0/package/package.json not in flight; writing
327 verbose get https://registry.npmjs.org/is-glob not expired, no request
328 silly addNameRange number 2 { name: 'is-glob', range: '>=4.0.1 <4.1.0', hasData: true }
329 silly addNameRange versions [ 'is-glob',
329 silly addNameRange   [ '0.1.0',
329 silly addNameRange     '0.2.0',
329 silly addNameRange     '0.3.0',
329 silly addNameRange     '1.0.0',
329 silly addNameRange     '1.1.0',
329 silly addNameRange     '1.1.1',
329 silly addNameRange     '1.1.2',
329 silly addNameRange     '1.1.3',
329 silly addNameRange     '2.0.0',
329 silly addNameRange     '2.0.1',
329 silly addNameRange     '3.0.0',
329 silly addNameRange     '3.1.0',
329 silly addNameRange     '4.0.0',
329 silly addNameRange     '4.0.1' ] ]
330 silly addNamed is-glob@4.0.1
331 verbose addNamed "4.0.1" is a plain semver version for is-glob
332 verbose afterAdd /home/mateusz/.npm/readdirp/3.5.0/package/package.json written
333 silly cache afterAdd is-glob@4.0.1
334 verbose afterAdd /home/mateusz/.npm/is-glob/4.0.1/package/package.json not in flight; writing
335 verbose afterAdd /home/mateusz/.npm/is-glob/4.0.1/package/package.json written
336 http 304 https://registry.npmjs.org/normalize-path
337 verbose headers { date: 'Sun, 13 Dec 2020 21:39:02 GMT',
337 verbose headers   connection: 'keep-alive',
337 verbose headers   'set-cookie':
337 verbose headers    [ '__cfduid=dc675d912d573e61d0d58bbfee2a638621607895542; expires=Tue, 12-Jan-21 21:39:02 GMT; path=/; domain=.npmjs.org; HttpOnly; SameSite=Lax' ],
337 verbose headers   'cf-ray': '6012d5e1bd75f2a0-WAW',
337 verbose headers   'cache-control': 'public, max-age=300',
337 verbose headers   etag: '"0a459c763ee9d4916c02d792a226cce9"',
337 verbose headers   'last-modified': 'Sun, 27 May 2018 10:33:45 GMT',
337 verbose headers   vary: 'Accept-Encoding',
337 verbose headers   'cf-cache-status': 'REVALIDATED',
337 verbose headers   'cf-request-id': '06ffa4010f0000f2a0f4097000000001',
337 verbose headers   'expect-ct': 'max-age=604800, report-uri="https://report-uri.cloudflare.com/cdn-cgi/beacon/expect-ct"',
337 verbose headers   server: 'cloudflare' }
338 silly get cb [ 304,
338 silly get   { date: 'Sun, 13 Dec 2020 21:39:02 GMT',
338 silly get     connection: 'keep-alive',
338 silly get     'set-cookie':
338 silly get      [ '__cfduid=dc675d912d573e61d0d58bbfee2a638621607895542; expires=Tue, 12-Jan-21 21:39:02 GMT; path=/; domain=.npmjs.org; HttpOnly; SameSite=Lax' ],
338 silly get     'cf-ray': '6012d5e1bd75f2a0-WAW',
338 silly get     'cache-control': 'public, max-age=300',
338 silly get     etag: '"0a459c763ee9d4916c02d792a226cce9"',
338 silly get     'last-modified': 'Sun, 27 May 2018 10:33:45 GMT',
338 silly get     vary: 'Accept-Encoding',
338 silly get     'cf-cache-status': 'REVALIDATED',
338 silly get     'cf-request-id': '06ffa4010f0000f2a0f4097000000001',
338 silly get     'expect-ct': 'max-age=604800, report-uri="https://report-uri.cloudflare.com/cdn-cgi/beacon/expect-ct"',
338 silly get     server: 'cloudflare' } ]
339 verbose etag https://registry.npmjs.org/normalize-path from cache
340 verbose get saving normalize-path to /home/mateusz/.npm/registry.npmjs.org/normalize-path/.cache.json
341 silly resolveWithNewModule normalize-path@3.0.0 checking installable status
342 silly cache add args [ 'normalize-path@~3.0.0', null ]
343 verbose cache add spec normalize-path@~3.0.0
344 silly cache add parsed spec Result {
344 silly cache add   raw: 'normalize-path@~3.0.0',
344 silly cache add   scope: null,
344 silly cache add   name: 'normalize-path',
344 silly cache add   rawSpec: '~3.0.0',
344 silly cache add   spec: '>=3.0.0 <3.1.0',
344 silly cache add   type: 'range' }
345 silly addNamed normalize-path@>=3.0.0 <3.1.0
346 verbose addNamed ">=3.0.0 <3.1.0" is a valid semver range for normalize-path
347 silly addNameRange { name: 'normalize-path',
347 silly addNameRange   range: '>=3.0.0 <3.1.0',
347 silly addNameRange   hasData: false }
348 silly mapToRegistry name normalize-path
349 silly mapToRegistry using default registry
350 silly mapToRegistry registry https://registry.npmjs.org/
351 silly mapToRegistry uri https://registry.npmjs.org/normalize-path
352 verbose addNameRange registry:https://registry.npmjs.org/normalize-path not in flight; fetching
353 verbose get https://registry.npmjs.org/normalize-path not expired, no request
354 silly addNameRange number 2 { name: 'normalize-path',
354 silly addNameRange   range: '>=3.0.0 <3.1.0',
354 silly addNameRange   hasData: true }
355 silly addNameRange versions [ 'normalize-path',
355 silly addNameRange   [ '0.1.0',
355 silly addNameRange     '0.1.1',
355 silly addNameRange     '0.2.0',
355 silly addNameRange     '0.2.1',
355 silly addNameRange     '0.3.0',
355 silly addNameRange     '1.0.0',
355 silly addNameRange     '2.0.0',
355 silly addNameRange     '2.0.1',
355 silly addNameRange     '2.1.0',
355 silly addNameRange     '2.1.1',
355 silly addNameRange     '3.0.0' ] ]
356 silly addNamed normalize-path@3.0.0
357 verbose addNamed "3.0.0" is a plain semver version for normalize-path
358 silly cache afterAdd normalize-path@3.0.0
359 verbose afterAdd /home/mateusz/.npm/normalize-path/3.0.0/package/package.json not in flight; writing
360 verbose afterAdd /home/mateusz/.npm/normalize-path/3.0.0/package/package.json written
361 silly fetchNamedPackageData picomatch
362 silly mapToRegistry name picomatch
363 silly mapToRegistry using default registry
364 silly mapToRegistry registry https://registry.npmjs.org/
365 silly mapToRegistry uri https://registry.npmjs.org/picomatch
366 verbose request uri https://registry.npmjs.org/picomatch
367 verbose request no auth needed
368 info attempt registry request try #1 at 10:39:02 PM
369 verbose etag W/"52106854e73bc1068c41b9705154243f"
370 verbose lastModified Mon, 26 Oct 2020 21:52:26 GMT
371 http request GET https://registry.npmjs.org/picomatch
372 http 304 https://registry.npmjs.org/picomatch
373 verbose headers { date: 'Sun, 13 Dec 2020 21:39:02 GMT',
373 verbose headers   connection: 'keep-alive',
373 verbose headers   'set-cookie':
373 verbose headers    [ '__cfduid=da7bc443c42e77bcd357984d8720809031607895542; expires=Tue, 12-Jan-21 21:39:02 GMT; path=/; domain=.npmjs.org; HttpOnly; SameSite=Lax' ],
373 verbose headers   'cf-ray': '6012d5e3da77f2e0-WAW',
373 verbose headers   age: '340',
373 verbose headers   'cache-control': 'public, max-age=300',
373 verbose headers   etag: '"52106854e73bc1068c41b9705154243f"',
373 verbose headers   'last-modified': 'Mon, 26 Oct 2020 21:52:26 GMT',
373 verbose headers   vary: 'Accept-Encoding',
373 verbose headers   'cf-cache-status': 'HIT',
373 verbose headers   'cf-request-id': '06ffa4026a0000f2e0c50e5000000001',
373 verbose headers   'expect-ct': 'max-age=604800, report-uri="https://report-uri.cloudflare.com/cdn-cgi/beacon/expect-ct"',
373 verbose headers   server: 'cloudflare' }
374 silly get cb [ 304,
374 silly get   { date: 'Sun, 13 Dec 2020 21:39:02 GMT',
374 silly get     connection: 'keep-alive',
374 silly get     'set-cookie':
374 silly get      [ '__cfduid=da7bc443c42e77bcd357984d8720809031607895542; expires=Tue, 12-Jan-21 21:39:02 GMT; path=/; domain=.npmjs.org; HttpOnly; SameSite=Lax' ],
374 silly get     'cf-ray': '6012d5e3da77f2e0-WAW',
374 silly get     age: '340',
374 silly get     'cache-control': 'public, max-age=300',
374 silly get     etag: '"52106854e73bc1068c41b9705154243f"',
374 silly get     'last-modified': 'Mon, 26 Oct 2020 21:52:26 GMT',
374 silly get     vary: 'Accept-Encoding',
374 silly get     'cf-cache-status': 'HIT',
374 silly get     'cf-request-id': '06ffa4026a0000f2e0c50e5000000001',
374 silly get     'expect-ct': 'max-age=604800, report-uri="https://report-uri.cloudflare.com/cdn-cgi/beacon/expect-ct"',
374 silly get     server: 'cloudflare' } ]
375 verbose etag https://registry.npmjs.org/picomatch from cache
376 verbose get saving picomatch to /home/mateusz/.npm/registry.npmjs.org/picomatch/.cache.json
377 silly resolveWithNewModule picomatch@2.2.2 checking installable status
378 silly cache add args [ 'picomatch@^2.0.4', null ]
379 verbose cache add spec picomatch@^2.0.4
380 silly cache add parsed spec Result {
380 silly cache add   raw: 'picomatch@^2.0.4',
380 silly cache add   scope: null,
380 silly cache add   name: 'picomatch',
380 silly cache add   rawSpec: '^2.0.4',
380 silly cache add   spec: '>=2.0.4 <3.0.0',
380 silly cache add   type: 'range' }
381 silly addNamed picomatch@>=2.0.4 <3.0.0
382 verbose addNamed ">=2.0.4 <3.0.0" is a valid semver range for picomatch
383 silly addNameRange { name: 'picomatch', range: '>=2.0.4 <3.0.0', hasData: false }
384 silly mapToRegistry name picomatch
385 silly mapToRegistry using default registry
386 silly mapToRegistry registry https://registry.npmjs.org/
387 silly mapToRegistry uri https://registry.npmjs.org/picomatch
388 verbose addNameRange registry:https://registry.npmjs.org/picomatch not in flight; fetching
389 verbose get https://registry.npmjs.org/picomatch not expired, no request
390 silly addNameRange number 2 { name: 'picomatch', range: '>=2.0.4 <3.0.0', hasData: true }
391 silly addNameRange versions [ 'picomatch',
391 silly addNameRange   [ '1.0.0',
391 silly addNameRange     '1.0.1',
391 silly addNameRange     '1.0.2',
391 silly addNameRange     '1.1.0',
391 silly addNameRange     '1.1.1',
391 silly addNameRange     '1.1.2',
391 silly addNameRange     '1.2.0',
391 silly addNameRange     '2.0.0',
391 silly addNameRange     '2.0.1',
391 silly addNameRange     '2.0.2',
391 silly addNameRange     '2.0.3',
391 silly addNameRange     '2.0.4',
391 silly addNameRange     '2.0.5',
391 silly addNameRange     '2.0.6',
391 silly addNameRange     '2.0.7',
391 silly addNameRange     '2.1.0',
391 silly addNameRange     '2.1.1',
391 silly addNameRange     '2.2.0',
391 silly addNameRange     '2.2.1',
391 silly addNameRange     '2.2.2' ] ]
392 silly addNamed picomatch@2.2.2
393 verbose addNamed "2.2.2" is a plain semver version for picomatch
394 silly cache afterAdd picomatch@2.2.2
395 verbose afterAdd /home/mateusz/.npm/picomatch/2.2.2/package/package.json not in flight; writing
396 verbose afterAdd /home/mateusz/.npm/picomatch/2.2.2/package/package.json written
397 silly fetchNamedPackageData fill-range
398 silly mapToRegistry name fill-range
399 silly mapToRegistry using default registry
400 silly mapToRegistry registry https://registry.npmjs.org/
401 silly mapToRegistry uri https://registry.npmjs.org/fill-range
402 verbose request uri https://registry.npmjs.org/fill-range
403 verbose request no auth needed
404 info attempt registry request try #1 at 10:39:02 PM
405 verbose etag W/"4eeac3d2c052a828a0fc7deef4bbc99e"
406 verbose lastModified Mon, 08 Apr 2019 13:42:42 GMT
407 http request GET https://registry.npmjs.org/fill-range
408 http 304 https://registry.npmjs.org/fill-range
409 verbose headers { date: 'Sun, 13 Dec 2020 21:39:03 GMT',
409 verbose headers   connection: 'keep-alive',
409 verbose headers   'set-cookie':
409 verbose headers    [ '__cfduid=d456a9ade94faf5461d2dc6c033a8d7271607895542; expires=Tue, 12-Jan-21 21:39:02 GMT; path=/; domain=.npmjs.org; HttpOnly; SameSite=Lax' ],
409 verbose headers   'cf-ray': '6012d5e479fb165b-WAW',
409 verbose headers   'cache-control': 'public, max-age=300',
409 verbose headers   etag: '"4eeac3d2c052a828a0fc7deef4bbc99e"',
409 verbose headers   'last-modified': 'Mon, 08 Apr 2019 13:42:42 GMT',
409 verbose headers   vary: 'Accept-Encoding',
409 verbose headers   'cf-cache-status': 'REVALIDATED',
409 verbose headers   'cf-request-id': '06ffa402d00000165bd02f7000000001',
409 verbose headers   'expect-ct': 'max-age=604800, report-uri="https://report-uri.cloudflare.com/cdn-cgi/beacon/expect-ct"',
409 verbose headers   server: 'cloudflare' }
410 silly get cb [ 304,
410 silly get   { date: 'Sun, 13 Dec 2020 21:39:03 GMT',
410 silly get     connection: 'keep-alive',
410 silly get     'set-cookie':
410 silly get      [ '__cfduid=d456a9ade94faf5461d2dc6c033a8d7271607895542; expires=Tue, 12-Jan-21 21:39:02 GMT; path=/; domain=.npmjs.org; HttpOnly; SameSite=Lax' ],
410 silly get     'cf-ray': '6012d5e479fb165b-WAW',
410 silly get     'cache-control': 'public, max-age=300',
410 silly get     etag: '"4eeac3d2c052a828a0fc7deef4bbc99e"',
410 silly get     'last-modified': 'Mon, 08 Apr 2019 13:42:42 GMT',
410 silly get     vary: 'Accept-Encoding',
410 silly get     'cf-cache-status': 'REVALIDATED',
410 silly get     'cf-request-id': '06ffa402d00000165bd02f7000000001',
410 silly get     'expect-ct': 'max-age=604800, report-uri="https://report-uri.cloudflare.com/cdn-cgi/beacon/expect-ct"',
410 silly get     server: 'cloudflare' } ]
411 verbose etag https://registry.npmjs.org/fill-range from cache
412 verbose get saving fill-range to /home/mateusz/.npm/registry.npmjs.org/fill-range/.cache.json
413 silly resolveWithNewModule fill-range@7.0.1 checking installable status
414 silly cache add args [ 'fill-range@^7.0.1', null ]
415 verbose cache add spec fill-range@^7.0.1
416 silly cache add parsed spec Result {
416 silly cache add   raw: 'fill-range@^7.0.1',
416 silly cache add   scope: null,
416 silly cache add   name: 'fill-range',
416 silly cache add   rawSpec: '^7.0.1',
416 silly cache add   spec: '>=7.0.1 <8.0.0',
416 silly cache add   type: 'range' }
417 silly addNamed fill-range@>=7.0.1 <8.0.0
418 verbose addNamed ">=7.0.1 <8.0.0" is a valid semver range for fill-range
419 silly addNameRange { name: 'fill-range', range: '>=7.0.1 <8.0.0', hasData: false }
420 silly mapToRegistry name fill-range
421 silly mapToRegistry using default registry
422 silly mapToRegistry registry https://registry.npmjs.org/
423 silly mapToRegistry uri https://registry.npmjs.org/fill-range
424 verbose addNameRange registry:https://registry.npmjs.org/fill-range not in flight; fetching
425 verbose get https://registry.npmjs.org/fill-range not expired, no request
426 silly addNameRange number 2 { name: 'fill-range', range: '>=7.0.1 <8.0.0', hasData: true }
427 silly addNameRange versions [ 'fill-range',
427 silly addNameRange   [ '0.1.0',
427 silly addNameRange     '0.1.1',
427 silly addNameRange     '0.2.0',
427 silly addNameRange     '1.0.0',
427 silly addNameRange     '1.1.0',
427 silly addNameRange     '1.2.0',
427 silly addNameRange     '1.3.0',
427 silly addNameRange     '1.4.0',
427 silly addNameRange     '1.5.0',
427 silly addNameRange     '1.6.0',
427 silly addNameRange     '1.7.0',
427 silly addNameRange     '1.7.1',
427 silly addNameRange     '1.8.0',
427 silly addNameRange     '1.9.0',
427 silly addNameRange     '2.0.0',
427 silly addNameRange     '2.1.0',
427 silly addNameRange     '2.2.0',
427 silly addNameRange     '2.2.1',
427 silly addNameRange     '2.2.2',
427 silly addNameRange     '2.2.3',
427 silly addNameRange     '3.0.0',
427 silly addNameRange     '3.0.1',
427 silly addNameRange     '3.0.2',
427 silly addNameRange     '3.0.3',
427 silly addNameRange     '3.1.0',
427 silly addNameRange     '3.1.1',
427 silly addNameRange     '4.0.0',
427 silly addNameRange     '5.0.0',
427 silly addNameRange     '2.2.4',
427 silly addNameRange     '6.0.0',
427 silly addNameRange     '7.0.0',
427 silly addNameRange     '7.0.1' ] ]
428 silly addNamed fill-range@7.0.1
429 verbose addNamed "7.0.1" is a plain semver version for fill-range
430 silly cache afterAdd fill-range@7.0.1
431 verbose afterAdd /home/mateusz/.npm/fill-range/7.0.1/package/package.json not in flight; writing
432 verbose afterAdd /home/mateusz/.npm/fill-range/7.0.1/package/package.json written
433 silly fetchNamedPackageData to-regex-range
434 silly mapToRegistry name to-regex-range
435 silly mapToRegistry using default registry
436 silly mapToRegistry registry https://registry.npmjs.org/
437 silly mapToRegistry uri https://registry.npmjs.org/to-regex-range
438 verbose request uri https://registry.npmjs.org/to-regex-range
439 verbose request no auth needed
440 info attempt registry request try #1 at 10:39:03 PM
441 verbose etag W/"c16671d126f61886b4fedbad415ca4c2"
442 verbose lastModified Sun, 07 Apr 2019 06:04:40 GMT
443 http request GET https://registry.npmjs.org/to-regex-range
444 http 304 https://registry.npmjs.org/to-regex-range
445 verbose headers { date: 'Sun, 13 Dec 2020 21:39:03 GMT',
445 verbose headers   connection: 'keep-alive',
445 verbose headers   'set-cookie':
445 verbose headers    [ '__cfduid=d8887bf3caf104c8f748bbd9f222612211607895543; expires=Tue, 12-Jan-21 21:39:03 GMT; path=/; domain=.npmjs.org; HttpOnly; SameSite=Lax' ],
445 verbose headers   'cf-ray': '6012d5ea2ba8ffb8-WAW',
445 verbose headers   age: '1059',
445 verbose headers   'cache-control': 'public, max-age=300',
445 verbose headers   etag: '"c16671d126f61886b4fedbad415ca4c2"',
445 verbose headers   'last-modified': 'Sun, 07 Apr 2019 06:04:40 GMT',
445 verbose headers   vary: 'Accept-Encoding',
445 verbose headers   'cf-cache-status': 'HIT',
445 verbose headers   'cf-request-id': '06ffa406550000ffb8a83fe000000001',
445 verbose headers   'expect-ct': 'max-age=604800, report-uri="https://report-uri.cloudflare.com/cdn-cgi/beacon/expect-ct"',
445 verbose headers   server: 'cloudflare' }
446 silly get cb [ 304,
446 silly get   { date: 'Sun, 13 Dec 2020 21:39:03 GMT',
446 silly get     connection: 'keep-alive',
446 silly get     'set-cookie':
446 silly get      [ '__cfduid=d8887bf3caf104c8f748bbd9f222612211607895543; expires=Tue, 12-Jan-21 21:39:03 GMT; path=/; domain=.npmjs.org; HttpOnly; SameSite=Lax' ],
446 silly get     'cf-ray': '6012d5ea2ba8ffb8-WAW',
446 silly get     age: '1059',
446 silly get     'cache-control': 'public, max-age=300',
446 silly get     etag: '"c16671d126f61886b4fedbad415ca4c2"',
446 silly get     'last-modified': 'Sun, 07 Apr 2019 06:04:40 GMT',
446 silly get     vary: 'Accept-Encoding',
446 silly get     'cf-cache-status': 'HIT',
446 silly get     'cf-request-id': '06ffa406550000ffb8a83fe000000001',
446 silly get     'expect-ct': 'max-age=604800, report-uri="https://report-uri.cloudflare.com/cdn-cgi/beacon/expect-ct"',
446 silly get     server: 'cloudflare' } ]
447 verbose etag https://registry.npmjs.org/to-regex-range from cache
448 verbose get saving to-regex-range to /home/mateusz/.npm/registry.npmjs.org/to-regex-range/.cache.json
449 silly resolveWithNewModule to-regex-range@5.0.1 checking installable status
450 silly cache add args [ 'to-regex-range@^5.0.1', null ]
451 verbose cache add spec to-regex-range@^5.0.1
452 silly cache add parsed spec Result {
452 silly cache add   raw: 'to-regex-range@^5.0.1',
452 silly cache add   scope: null,
452 silly cache add   name: 'to-regex-range',
452 silly cache add   rawSpec: '^5.0.1',
452 silly cache add   spec: '>=5.0.1 <6.0.0',
452 silly cache add   type: 'range' }
453 silly addNamed to-regex-range@>=5.0.1 <6.0.0
454 verbose addNamed ">=5.0.1 <6.0.0" is a valid semver range for to-regex-range
455 silly addNameRange { name: 'to-regex-range',
455 silly addNameRange   range: '>=5.0.1 <6.0.0',
455 silly addNameRange   hasData: false }
456 silly mapToRegistry name to-regex-range
457 silly mapToRegistry using default registry
458 silly mapToRegistry registry https://registry.npmjs.org/
459 silly mapToRegistry uri https://registry.npmjs.org/to-regex-range
460 verbose addNameRange registry:https://registry.npmjs.org/to-regex-range not in flight; fetching
461 verbose get https://registry.npmjs.org/to-regex-range not expired, no request
462 silly addNameRange number 2 { name: 'to-regex-range',
462 silly addNameRange   range: '>=5.0.1 <6.0.0',
462 silly addNameRange   hasData: true }
463 silly addNameRange versions [ 'to-regex-range',
463 silly addNameRange   [ '0.1.0',
463 silly addNameRange     '0.1.1',
463 silly addNameRange     '0.1.2',
463 silly addNameRange     '0.1.3',
463 silly addNameRange     '0.2.0',
463 silly addNameRange     '1.0.0',
463 silly addNameRange     '1.0.1',
463 silly addNameRange     '1.0.2',
463 silly addNameRange     '2.0.0',
463 silly addNameRange     '2.1.0',
463 silly addNameRange     '2.1.1',
463 silly addNameRange     '3.0.0',
463 silly addNameRange     '4.0.0',
463 silly addNameRange     '4.0.1',
463 silly addNameRange     '4.0.2',
463 silly addNameRange     '4.0.3',
463 silly addNameRange     '5.0.0',
463 silly addNameRange     '5.0.1' ] ]
464 silly addNamed to-regex-range@5.0.1
465 verbose addNamed "5.0.1" is a plain semver version for to-regex-range
466 silly cache afterAdd to-regex-range@5.0.1
467 verbose afterAdd /home/mateusz/.npm/to-regex-range/5.0.1/package/package.json not in flight; writing
468 verbose afterAdd /home/mateusz/.npm/to-regex-range/5.0.1/package/package.json written
469 silly fetchNamedPackageData is-number
470 silly mapToRegistry name is-number
471 silly mapToRegistry using default registry
472 silly mapToRegistry registry https://registry.npmjs.org/
473 silly mapToRegistry uri https://registry.npmjs.org/is-number
474 verbose request uri https://registry.npmjs.org/is-number
475 verbose request no auth needed
476 info attempt registry request try #1 at 10:39:03 PM
477 verbose etag W/"1d40f5d36d202ca83b2212f8bf3e4622"
478 verbose lastModified Wed, 04 Jul 2018 15:09:05 GMT
479 http request GET https://registry.npmjs.org/is-number
480 http 304 https://registry.npmjs.org/is-number
481 verbose headers { date: 'Sun, 13 Dec 2020 21:39:03 GMT',
481 verbose headers   connection: 'keep-alive',
481 verbose headers   'set-cookie':
481 verbose headers    [ '__cfduid=d522a49f5261a37d6336567e8c3e5055c1607895543; expires=Tue, 12-Jan-21 21:39:03 GMT; path=/; domain=.npmjs.org; HttpOnly; SameSite=Lax' ],
481 verbose headers   'cf-ray': '6012d5eacea81624-WAW',
481 verbose headers   age: '5433',
481 verbose headers   'cache-control': 'public, max-age=300',
481 verbose headers   etag: '"1d40f5d36d202ca83b2212f8bf3e4622"',
481 verbose headers   'last-modified': 'Wed, 04 Jul 2018 15:09:05 GMT',
481 verbose headers   vary: 'Accept-Encoding',
481 verbose headers   'cf-cache-status': 'HIT',
481 verbose headers   'cf-request-id': '06ffa406ba00001624850ca000000001',
481 verbose headers   'expect-ct': 'max-age=604800, report-uri="https://report-uri.cloudflare.com/cdn-cgi/beacon/expect-ct"',
481 verbose headers   server: 'cloudflare' }
482 silly get cb [ 304,
482 silly get   { date: 'Sun, 13 Dec 2020 21:39:03 GMT',
482 silly get     connection: 'keep-alive',
482 silly get     'set-cookie':
482 silly get      [ '__cfduid=d522a49f5261a37d6336567e8c3e5055c1607895543; expires=Tue, 12-Jan-21 21:39:03 GMT; path=/; domain=.npmjs.org; HttpOnly; SameSite=Lax' ],
482 silly get     'cf-ray': '6012d5eacea81624-WAW',
482 silly get     age: '5433',
482 silly get     'cache-control': 'public, max-age=300',
482 silly get     etag: '"1d40f5d36d202ca83b2212f8bf3e4622"',
482 silly get     'last-modified': 'Wed, 04 Jul 2018 15:09:05 GMT',
482 silly get     vary: 'Accept-Encoding',
482 silly get     'cf-cache-status': 'HIT',
482 silly get     'cf-request-id': '06ffa406ba00001624850ca000000001',
482 silly get     'expect-ct': 'max-age=604800, report-uri="https://report-uri.cloudflare.com/cdn-cgi/beacon/expect-ct"',
482 silly get     server: 'cloudflare' } ]
483 verbose etag https://registry.npmjs.org/is-number from cache
484 verbose get saving is-number to /home/mateusz/.npm/registry.npmjs.org/is-number/.cache.json
485 silly resolveWithNewModule is-number@7.0.0 checking installable status
486 silly cache add args [ 'is-number@^7.0.0', null ]
487 verbose cache add spec is-number@^7.0.0
488 silly cache add parsed spec Result {
488 silly cache add   raw: 'is-number@^7.0.0',
488 silly cache add   scope: null,
488 silly cache add   name: 'is-number',
488 silly cache add   rawSpec: '^7.0.0',
488 silly cache add   spec: '>=7.0.0 <8.0.0',
488 silly cache add   type: 'range' }
489 silly addNamed is-number@>=7.0.0 <8.0.0
490 verbose addNamed ">=7.0.0 <8.0.0" is a valid semver range for is-number
491 silly addNameRange { name: 'is-number', range: '>=7.0.0 <8.0.0', hasData: false }
492 silly mapToRegistry name is-number
493 silly mapToRegistry using default registry
494 silly mapToRegistry registry https://registry.npmjs.org/
495 silly mapToRegistry uri https://registry.npmjs.org/is-number
496 verbose addNameRange registry:https://registry.npmjs.org/is-number not in flight; fetching
497 verbose get https://registry.npmjs.org/is-number not expired, no request
498 silly addNameRange number 2 { name: 'is-number', range: '>=7.0.0 <8.0.0', hasData: true }
499 silly addNameRange versions [ 'is-number',
499 silly addNameRange   [ '0.1.0',
499 silly addNameRange     '0.1.1',
499 silly addNameRange     '1.0.0',
499 silly addNameRange     '1.1.0',
499 silly addNameRange     '1.1.1',
499 silly addNameRange     '1.1.2',
499 silly addNameRange     '2.0.0',
499 silly addNameRange     '2.0.1',
499 silly addNameRange     '2.0.2',
499 silly addNameRange     '2.1.0',
499 silly addNameRange     '3.0.0',
499 silly addNameRange     '4.0.0',
499 silly addNameRange     '5.0.0',
499 silly addNameRange     '6.0.0',
499 silly addNameRange     '7.0.0' ] ]
500 silly addNamed is-number@7.0.0
501 verbose addNamed "7.0.0" is a plain semver version for is-number
502 silly cache afterAdd is-number@7.0.0
503 verbose afterAdd /home/mateusz/.npm/is-number/7.0.0/package/package.json not in flight; writing
504 verbose afterAdd /home/mateusz/.npm/is-number/7.0.0/package/package.json written
505 silly fetchNamedPackageData is-extglob
506 silly mapToRegistry name is-extglob
507 silly mapToRegistry using default registry
508 silly mapToRegistry registry https://registry.npmjs.org/
509 silly mapToRegistry uri https://registry.npmjs.org/is-extglob
510 verbose request uri https://registry.npmjs.org/is-extglob
511 verbose request no auth needed
512 info attempt registry request try #1 at 10:39:03 PM
513 verbose etag W/"793d1b13bd8d035cd22e5c9ac543fd42"
514 verbose lastModified Sun, 27 May 2018 04:58:59 GMT
515 http request GET https://registry.npmjs.org/is-extglob
516 http 304 https://registry.npmjs.org/is-extglob
517 verbose headers { date: 'Sun, 13 Dec 2020 21:39:03 GMT',
517 verbose headers   connection: 'keep-alive',
517 verbose headers   'set-cookie':
517 verbose headers    [ '__cfduid=d57faecd40802f6d97c76dbe8da3dba9a1607895543; expires=Tue, 12-Jan-21 21:39:03 GMT; path=/; domain=.npmjs.org; HttpOnly; SameSite=Lax' ],
517 verbose headers   'cf-ray': '6012d5ebdf03f2d8-WAW',
517 verbose headers   age: '890',
517 verbose headers   'cache-control': 'public, max-age=300',
517 verbose headers   etag: '"793d1b13bd8d035cd22e5c9ac543fd42"',
517 verbose headers   'last-modified': 'Sun, 27 May 2018 04:58:59 GMT',
517 verbose headers   vary: 'Accept-Encoding',
517 verbose headers   'cf-cache-status': 'HIT',
517 verbose headers   'cf-request-id': '06ffa4076b0000f2d8cb94c000000001',
517 verbose headers   'expect-ct': 'max-age=604800, report-uri="https://report-uri.cloudflare.com/cdn-cgi/beacon/expect-ct"',
517 verbose headers   server: 'cloudflare' }
518 silly get cb [ 304,
518 silly get   { date: 'Sun, 13 Dec 2020 21:39:03 GMT',
518 silly get     connection: 'keep-alive',
518 silly get     'set-cookie':
518 silly get      [ '__cfduid=d57faecd40802f6d97c76dbe8da3dba9a1607895543; expires=Tue, 12-Jan-21 21:39:03 GMT; path=/; domain=.npmjs.org; HttpOnly; SameSite=Lax' ],
518 silly get     'cf-ray': '6012d5ebdf03f2d8-WAW',
518 silly get     age: '890',
518 silly get     'cache-control': 'public, max-age=300',
518 silly get     etag: '"793d1b13bd8d035cd22e5c9ac543fd42"',
518 silly get     'last-modified': 'Sun, 27 May 2018 04:58:59 GMT',
518 silly get     vary: 'Accept-Encoding',
518 silly get     'cf-cache-status': 'HIT',
518 silly get     'cf-request-id': '06ffa4076b0000f2d8cb94c000000001',
518 silly get     'expect-ct': 'max-age=604800, report-uri="https://report-uri.cloudflare.com/cdn-cgi/beacon/expect-ct"',
518 silly get     server: 'cloudflare' } ]
519 verbose etag https://registry.npmjs.org/is-extglob from cache
520 verbose get saving is-extglob to /home/mateusz/.npm/registry.npmjs.org/is-extglob/.cache.json
521 silly resolveWithNewModule is-extglob@2.1.1 checking installable status
522 silly cache add args [ 'is-extglob@^2.1.1', null ]
523 verbose cache add spec is-extglob@^2.1.1
524 silly cache add parsed spec Result {
524 silly cache add   raw: 'is-extglob@^2.1.1',
524 silly cache add   scope: null,
524 silly cache add   name: 'is-extglob',
524 silly cache add   rawSpec: '^2.1.1',
524 silly cache add   spec: '>=2.1.1 <3.0.0',
524 silly cache add   type: 'range' }
525 silly addNamed is-extglob@>=2.1.1 <3.0.0
526 verbose addNamed ">=2.1.1 <3.0.0" is a valid semver range for is-extglob
527 silly addNameRange { name: 'is-extglob', range: '>=2.1.1 <3.0.0', hasData: false }
528 silly mapToRegistry name is-extglob
529 silly mapToRegistry using default registry
530 silly mapToRegistry registry https://registry.npmjs.org/
531 silly mapToRegistry uri https://registry.npmjs.org/is-extglob
532 verbose addNameRange registry:https://registry.npmjs.org/is-extglob not in flight; fetching
533 verbose get https://registry.npmjs.org/is-extglob not expired, no request
534 silly addNameRange number 2 { name: 'is-extglob', range: '>=2.1.1 <3.0.0', hasData: true }
535 silly addNameRange versions [ 'is-extglob', [ '1.0.0', '2.0.0', '2.1.0', '2.1.1' ] ]
536 silly addNamed is-extglob@2.1.1
537 verbose addNamed "2.1.1" is a plain semver version for is-extglob
538 silly cache afterAdd is-extglob@2.1.1
539 verbose afterAdd /home/mateusz/.npm/is-extglob/2.1.1/package/package.json not in flight; writing
540 verbose afterAdd /home/mateusz/.npm/is-extglob/2.1.1/package/package.json written
541 silly fetchNamedPackageData binary-extensions
542 silly mapToRegistry name binary-extensions
543 silly mapToRegistry using default registry
544 silly mapToRegistry registry https://registry.npmjs.org/
545 silly mapToRegistry uri https://registry.npmjs.org/binary-extensions
546 verbose request uri https://registry.npmjs.org/binary-extensions
547 verbose request no auth needed
548 info attempt registry request try #1 at 10:39:03 PM
549 verbose etag W/"1aaf25c7c2fecbbaad6a12236276ca23"
550 verbose lastModified Sat, 27 Jun 2020 13:01:37 GMT
551 http request GET https://registry.npmjs.org/binary-extensions
552 http 304 https://registry.npmjs.org/binary-extensions
553 verbose headers { date: 'Sun, 13 Dec 2020 21:39:03 GMT',
553 verbose headers   connection: 'keep-alive',
553 verbose headers   'set-cookie':
553 verbose headers    [ '__cfduid=d46a42a8514c5d30bdc048382fd9aad7c1607895543; expires=Tue, 12-Jan-21 21:39:03 GMT; path=/; domain=.npmjs.org; HttpOnly; SameSite=Lax' ],
553 verbose headers   'cf-ray': '6012d5eccb02b845-WAW',
553 verbose headers   age: '889',
553 verbose headers   'cache-control': 'public, max-age=300',
553 verbose headers   etag: '"1aaf25c7c2fecbbaad6a12236276ca23"',
553 verbose headers   'last-modified': 'Sat, 27 Jun 2020 13:01:37 GMT',
553 verbose headers   vary: 'Accept-Encoding',
553 verbose headers   'cf-cache-status': 'HIT',
553 verbose headers   'cf-request-id': '06ffa407fa0000b845aea0b000000001',
553 verbose headers   'expect-ct': 'max-age=604800, report-uri="https://report-uri.cloudflare.com/cdn-cgi/beacon/expect-ct"',
553 verbose headers   server: 'cloudflare' }
554 silly get cb [ 304,
554 silly get   { date: 'Sun, 13 Dec 2020 21:39:03 GMT',
554 silly get     connection: 'keep-alive',
554 silly get     'set-cookie':
554 silly get      [ '__cfduid=d46a42a8514c5d30bdc048382fd9aad7c1607895543; expires=Tue, 12-Jan-21 21:39:03 GMT; path=/; domain=.npmjs.org; HttpOnly; SameSite=Lax' ],
554 silly get     'cf-ray': '6012d5eccb02b845-WAW',
554 silly get     age: '889',
554 silly get     'cache-control': 'public, max-age=300',
554 silly get     etag: '"1aaf25c7c2fecbbaad6a12236276ca23"',
554 silly get     'last-modified': 'Sat, 27 Jun 2020 13:01:37 GMT',
554 silly get     vary: 'Accept-Encoding',
554 silly get     'cf-cache-status': 'HIT',
554 silly get     'cf-request-id': '06ffa407fa0000b845aea0b000000001',
554 silly get     'expect-ct': 'max-age=604800, report-uri="https://report-uri.cloudflare.com/cdn-cgi/beacon/expect-ct"',
554 silly get     server: 'cloudflare' } ]
555 verbose etag https://registry.npmjs.org/binary-extensions from cache
556 verbose get saving binary-extensions to /home/mateusz/.npm/registry.npmjs.org/binary-extensions/.cache.json
557 silly resolveWithNewModule binary-extensions@2.1.0 checking installable status
558 silly cache add args [ 'binary-extensions@^2.0.0', null ]
559 verbose cache add spec binary-extensions@^2.0.0
560 silly cache add parsed spec Result {
560 silly cache add   raw: 'binary-extensions@^2.0.0',
560 silly cache add   scope: null,
560 silly cache add   name: 'binary-extensions',
560 silly cache add   rawSpec: '^2.0.0',
560 silly cache add   spec: '>=2.0.0 <3.0.0',
560 silly cache add   type: 'range' }
561 silly addNamed binary-extensions@>=2.0.0 <3.0.0
562 verbose addNamed ">=2.0.0 <3.0.0" is a valid semver range for binary-extensions
563 silly addNameRange { name: 'binary-extensions',
563 silly addNameRange   range: '>=2.0.0 <3.0.0',
563 silly addNameRange   hasData: false }
564 silly mapToRegistry name binary-extensions
565 silly mapToRegistry using default registry
566 silly mapToRegistry registry https://registry.npmjs.org/
567 silly mapToRegistry uri https://registry.npmjs.org/binary-extensions
568 verbose addNameRange registry:https://registry.npmjs.org/binary-extensions not in flight; fetching
569 verbose get https://registry.npmjs.org/binary-extensions not expired, no request
570 silly addNameRange number 2 { name: 'binary-extensions',
570 silly addNameRange   range: '>=2.0.0 <3.0.0',
570 silly addNameRange   hasData: true }
571 silly addNameRange versions [ 'binary-extensions',
571 silly addNameRange   [ '1.0.0',
571 silly addNameRange     '1.0.1',
571 silly addNameRange     '1.0.2',
571 silly addNameRange     '1.1.0',
571 silly addNameRange     '1.1.1',
571 silly addNameRange     '1.2.0',
571 silly addNameRange     '1.3.0',
571 silly addNameRange     '1.3.1',
571 silly addNameRange     '1.4.0',
571 silly addNameRange     '1.4.1',
571 silly addNameRange     '1.5.0',
571 silly addNameRange     '1.6.0',
571 silly addNameRange     '1.7.0',
571 silly addNameRange     '1.8.0',
571 silly addNameRange     '1.9.0',
571 silly addNameRange     '1.10.0',
571 silly addNameRange     '1.11.0',
571 silly addNameRange     '1.12.0',
571 silly addNameRange     '1.13.0',
571 silly addNameRange     '1.13.1',
571 silly addNameRange     '2.0.0',
571 silly addNameRange     '2.1.0' ] ]
572 silly addNamed binary-extensions@2.1.0
573 verbose addNamed "2.1.0" is a plain semver version for binary-extensions
574 silly cache afterAdd binary-extensions@2.1.0
575 verbose afterAdd /home/mateusz/.npm/binary-extensions/2.1.0/package/package.json not in flight; writing
576 verbose afterAdd /home/mateusz/.npm/binary-extensions/2.1.0/package/package.json written
577 silly loadAllDepsIntoIdealTree Finishing
578 silly idealTree:prePrune lib
578 silly idealTree:prePrune  sass@1.30.0
578 silly idealTree:prePrune    anymatch@3.1.1
578 silly idealTree:prePrune    binary-extensions@2.1.0
578 silly idealTree:prePrune    braces@3.0.2
578 silly idealTree:prePrune    chokidar@3.4.3
578 silly idealTree:prePrune    fill-range@7.0.1
578 silly idealTree:prePrune    glob-parent@5.1.1
578 silly idealTree:prePrune    is-binary-path@2.1.0
578 silly idealTree:prePrune    is-extglob@2.1.1
578 silly idealTree:prePrune    is-glob@4.0.1
578 silly idealTree:prePrune    is-number@7.0.0
578 silly idealTree:prePrune    normalize-path@3.0.0
578 silly idealTree:prePrune    picomatch@2.2.2
578 silly idealTree:prePrune    readdirp@3.5.0
578 silly idealTree:prePrune    to-regex-range@5.0.1
579 silly loadIdealTree Finishing
580 silly currentTree lib
581 silly idealTree lib
581 silly idealTree  sass@1.30.0
581 silly idealTree    anymatch@3.1.1
581 silly idealTree    binary-extensions@2.1.0
581 silly idealTree    braces@3.0.2
581 silly idealTree    chokidar@3.4.3
581 silly idealTree    fill-range@7.0.1
581 silly idealTree    glob-parent@5.1.1
581 silly idealTree    is-binary-path@2.1.0
581 silly idealTree    is-extglob@2.1.1
581 silly idealTree    is-glob@4.0.1
581 silly idealTree    is-number@7.0.0
581 silly idealTree    normalize-path@3.0.0
581 silly idealTree    picomatch@2.2.2
581 silly idealTree    readdirp@3.5.0
581 silly idealTree    to-regex-range@5.0.1
582 silly generateActionsToTake Starting
583 silly install generateActionsToTake
584 warn checkPermissions Missing write access to /usr/local/lib
585 silly rollbackFailedOptional Starting
586 silly rollbackFailedOptional Finishing
587 silly runTopLevelLifecycles Starting
588 silly runTopLevelLifecycles Finishing
589 silly install printInstalled
590 warn optional Skipping failed optional dependency /sass/chokidar/fsevents:
591 warn notsup Not compatible with your operating system or architecture: fsevents@2.1.3
592 verbose stack Error: EACCES: permission denied, access '/usr/local/lib'
593 verbose cwd /home/mateusz/repos/recipes-and-cook-classes
594 error Linux 5.4.0-54-generic
595 error argv "/usr/bin/node" "/usr/bin/npm" "install" "-g" "sass"
596 error node v8.10.0
597 error npm  v3.5.2
598 error path /usr/local/lib
599 error code EACCES
600 error errno -13
601 error syscall access
602 error Error: EACCES: permission denied, access '/usr/local/lib'
602 error  { Error: EACCES: permission denied, access '/usr/local/lib'
602 error   errno: -13,
602 error   code: 'EACCES',
602 error   syscall: 'access',
602 error   path: '/usr/local/lib' }
603 error Please try running this command again as root/Administrator.
604 verbose exit [ -13, true ]
